mode: set
github.com/vumanhcuongit/scan/internal/handler/handler.go:16.56,20.2 1 1
github.com/vumanhcuongit/scan/internal/handler/handler.go:22.48,40.2 12 1
github.com/vumanhcuongit/scan/internal/handler/handler.go:42.64,44.2 1 1
github.com/vumanhcuongit/scan/internal/handler/handler.go:46.69,48.17 2 1
github.com/vumanhcuongit/scan/internal/handler/handler.go:52.2,52.34 1 1
github.com/vumanhcuongit/scan/internal/handler/handler.go:48.17,50.3 1 1
github.com/vumanhcuongit/scan/internal/handler/handler.go:55.55,57.2 1 1
github.com/vumanhcuongit/scan/internal/handler/handler.go:59.63,66.2 2 1
github.com/vumanhcuongit/scan/internal/handler/repository.go:12.57,16.51 4 1
github.com/vumanhcuongit/scan/internal/handler/repository.go:21.2,22.16 2 1
github.com/vumanhcuongit/scan/internal/handler/repository.go:27.2,27.34 1 1
github.com/vumanhcuongit/scan/internal/handler/repository.go:16.51,20.3 3 1
github.com/vumanhcuongit/scan/internal/handler/repository.go:22.16,25.3 2 1
github.com/vumanhcuongit/scan/internal/handler/repository.go:30.54,34.27 4 1
github.com/vumanhcuongit/scan/internal/handler/repository.go:40.2,41.16 2 1
github.com/vumanhcuongit/scan/internal/handler/repository.go:47.2,48.16 2 1
github.com/vumanhcuongit/scan/internal/handler/repository.go:53.2,53.34 1 1
github.com/vumanhcuongit/scan/internal/handler/repository.go:34.27,38.3 3 0
github.com/vumanhcuongit/scan/internal/handler/repository.go:41.16,45.3 3 0
github.com/vumanhcuongit/scan/internal/handler/repository.go:48.16,51.3 2 1
github.com/vumanhcuongit/scan/internal/handler/repository.go:56.57,60.52 4 1
github.com/vumanhcuongit/scan/internal/handler/repository.go:65.2,65.19 1 1
github.com/vumanhcuongit/scan/internal/handler/repository.go:69.2,70.16 2 1
github.com/vumanhcuongit/scan/internal/handler/repository.go:75.2,75.36 1 1
github.com/vumanhcuongit/scan/internal/handler/repository.go:60.52,64.3 3 0
github.com/vumanhcuongit/scan/internal/handler/repository.go:65.19,67.3 1 1
github.com/vumanhcuongit/scan/internal/handler/repository.go:70.16,73.3 2 1
github.com/vumanhcuongit/scan/internal/handler/repository.go:78.57,83.27 4 1
github.com/vumanhcuongit/scan/internal/handler/repository.go:89.2,90.16 2 1
github.com/vumanhcuongit/scan/internal/handler/repository.go:96.2,97.51 2 1
github.com/vumanhcuongit/scan/internal/handler/repository.go:102.2,103.16 2 1
github.com/vumanhcuongit/scan/internal/handler/repository.go:108.2,108.34 1 1
github.com/vumanhcuongit/scan/internal/handler/repository.go:83.27,87.3 3 0
github.com/vumanhcuongit/scan/internal/handler/repository.go:90.16,94.3 3 0
github.com/vumanhcuongit/scan/internal/handler/repository.go:97.51,101.3 3 0
github.com/vumanhcuongit/scan/internal/handler/repository.go:103.16,106.3 2 1
github.com/vumanhcuongit/scan/internal/handler/repository.go:111.57,115.27 4 1
github.com/vumanhcuongit/scan/internal/handler/repository.go:121.2,122.16 2 1
github.com/vumanhcuongit/scan/internal/handler/repository.go:128.2,129.16 2 1
github.com/vumanhcuongit/scan/internal/handler/repository.go:134.2,134.26 1 1
github.com/vumanhcuongit/scan/internal/handler/repository.go:115.27,119.3 3 0
github.com/vumanhcuongit/scan/internal/handler/repository.go:122.16,126.3 3 0
github.com/vumanhcuongit/scan/internal/handler/repository.go:129.16,132.3 2 1
github.com/vumanhcuongit/scan/internal/handler/scan.go:11.51,15.51 4 1
github.com/vumanhcuongit/scan/internal/handler/scan.go:20.2,21.16 2 1
github.com/vumanhcuongit/scan/internal/handler/scan.go:26.2,26.28 1 1
github.com/vumanhcuongit/scan/internal/handler/scan.go:15.51,19.3 3 1
github.com/vumanhcuongit/scan/internal/handler/scan.go:21.16,24.3 2 1
github.com/vumanhcuongit/scan/internal/handler/scan.go:29.50,33.52 4 1
github.com/vumanhcuongit/scan/internal/handler/scan.go:38.2,38.19 1 1
github.com/vumanhcuongit/scan/internal/handler/scan.go:42.2,43.16 2 1
github.com/vumanhcuongit/scan/internal/handler/scan.go:48.2,48.29 1 1
github.com/vumanhcuongit/scan/internal/handler/scan.go:33.52,37.3 3 0
github.com/vumanhcuongit/scan/internal/handler/scan.go:38.19,40.3 1 1
github.com/vumanhcuongit/scan/internal/handler/scan.go:43.16,46.3 2 1
github.com/vumanhcuongit/scan/internal/services/api/repository.go:26.123,31.16 4 1
github.com/vumanhcuongit/scan/internal/services/api/repository.go:36.2,37.16 2 1
github.com/vumanhcuongit/scan/internal/services/api/repository.go:42.2,42.24 1 1
github.com/vumanhcuongit/scan/internal/services/api/repository.go:31.16,34.3 2 1
github.com/vumanhcuongit/scan/internal/services/api/repository.go:37.16,40.3 2 1
github.com/vumanhcuongit/scan/internal/services/api/repository.go:45.106,50.16 4 1
github.com/vumanhcuongit/scan/internal/services/api/repository.go:55.2,55.24 1 1
github.com/vumanhcuongit/scan/internal/services/api/repository.go:50.16,53.3 2 1
github.com/vumanhcuongit/scan/internal/services/api/repository.go:58.125,63.33 4 1
github.com/vumanhcuongit/scan/internal/services/api/repository.go:66.2,67.16 2 1
github.com/vumanhcuongit/scan/internal/services/api/repository.go:72.2,72.26 1 1
github.com/vumanhcuongit/scan/internal/services/api/repository.go:63.33,65.3 1 0
github.com/vumanhcuongit/scan/internal/services/api/repository.go:67.16,70.3 2 1
github.com/vumanhcuongit/scan/internal/services/api/repository.go:75.143,80.16 4 1
github.com/vumanhcuongit/scan/internal/services/api/repository.go:85.2,86.24 2 1
github.com/vumanhcuongit/scan/internal/services/api/repository.go:90.2,90.25 1 1
github.com/vumanhcuongit/scan/internal/services/api/repository.go:94.2,94.33 1 1
github.com/vumanhcuongit/scan/internal/services/api/repository.go:99.2,100.16 2 1
github.com/vumanhcuongit/scan/internal/services/api/repository.go:105.2,105.24 1 1
github.com/vumanhcuongit/scan/internal/services/api/repository.go:80.16,83.3 2 1
github.com/vumanhcuongit/scan/internal/services/api/repository.go:86.24,89.3 2 1
github.com/vumanhcuongit/scan/internal/services/api/repository.go:90.25,93.3 2 1
github.com/vumanhcuongit/scan/internal/services/api/repository.go:94.33,97.3 2 1
github.com/vumanhcuongit/scan/internal/services/api/repository.go:100.16,103.3 2 1
github.com/vumanhcuongit/scan/internal/services/api/repository.go:108.87,113.16 4 1
github.com/vumanhcuongit/scan/internal/services/api/repository.go:118.2,119.16 2 1
github.com/vumanhcuongit/scan/internal/services/api/repository.go:124.2,124.12 1 1
github.com/vumanhcuongit/scan/internal/services/api/repository.go:113.16,116.3 2 1
github.com/vumanhcuongit/scan/internal/services/api/repository.go:119.16,122.3 2 1
github.com/vumanhcuongit/scan/internal/services/api/scan.go:30.105,35.33 4 1
github.com/vumanhcuongit/scan/internal/services/api/scan.go:38.2,39.16 2 1
github.com/vumanhcuongit/scan/internal/services/api/scan.go:44.2,44.19 1 1
github.com/vumanhcuongit/scan/internal/services/api/scan.go:35.33,37.3 1 1
github.com/vumanhcuongit/scan/internal/services/api/scan.go:39.16,42.3 2 1
github.com/vumanhcuongit/scan/internal/services/api/scan.go:47.107,53.16 4 1
github.com/vumanhcuongit/scan/internal/services/api/scan.go:58.2,59.16 2 1
github.com/vumanhcuongit/scan/internal/services/api/scan.go:64.2,65.16 2 1
github.com/vumanhcuongit/scan/internal/services/api/scan.go:70.2,71.16 2 1
github.com/vumanhcuongit/scan/internal/services/api/scan.go:76.2,76.25 1 1
github.com/vumanhcuongit/scan/internal/services/api/scan.go:53.16,56.3 2 1
github.com/vumanhcuongit/scan/internal/services/api/scan.go:59.16,62.3 2 0
github.com/vumanhcuongit/scan/internal/services/api/scan.go:65.16,68.3 2 1
github.com/vumanhcuongit/scan/internal/services/api/scan.go:71.16,74.3 2 0
github.com/vumanhcuongit/scan/internal/services/api/scan.go:79.124,84.26 4 1
github.com/vumanhcuongit/scan/internal/services/api/scan.go:88.2,88.29 1 1
github.com/vumanhcuongit/scan/internal/services/api/scan.go:92.2,92.29 1 1
github.com/vumanhcuongit/scan/internal/services/api/scan.go:96.2,96.31 1 1
github.com/vumanhcuongit/scan/internal/services/api/scan.go:100.2,100.31 1 1
github.com/vumanhcuongit/scan/internal/services/api/scan.go:105.2,106.16 2 1
github.com/vumanhcuongit/scan/internal/services/api/scan.go:111.2,111.18 1 1
github.com/vumanhcuongit/scan/internal/services/api/scan.go:84.26,87.3 2 1
github.com/vumanhcuongit/scan/internal/services/api/scan.go:88.29,91.3 2 1
github.com/vumanhcuongit/scan/internal/services/api/scan.go:92.29,95.3 2 1
github.com/vumanhcuongit/scan/internal/services/api/scan.go:96.31,99.3 2 1
github.com/vumanhcuongit/scan/internal/services/api/scan.go:100.31,103.3 2 1
github.com/vumanhcuongit/scan/internal/services/api/scan.go:106.16,109.3 2 1
github.com/vumanhcuongit/scan/internal/services/api/scan.go:114.108,117.16 3 1
github.com/vumanhcuongit/scan/internal/services/api/scan.go:122.2,123.16 2 1
github.com/vumanhcuongit/scan/internal/services/api/scan.go:128.2,128.18 1 1
github.com/vumanhcuongit/scan/internal/services/api/scan.go:117.16,120.3 2 0
github.com/vumanhcuongit/scan/internal/services/api/scan.go:123.16,126.3 2 0
github.com/vumanhcuongit/scan/internal/services/api/scan.go:131.126,139.16 3 1
github.com/vumanhcuongit/scan/internal/services/api/scan.go:144.2,145.16 2 1
github.com/vumanhcuongit/scan/internal/services/api/scan.go:150.2,150.12 1 1
github.com/vumanhcuongit/scan/internal/services/api/scan.go:139.16,142.3 2 0
github.com/vumanhcuongit/scan/internal/services/api/scan.go:145.16,148.3 2 1
github.com/vumanhcuongit/scan/internal/services/api/scan.go:153.102,158.16 5 1
github.com/vumanhcuongit/scan/internal/services/api/scan.go:163.2,163.25 1 1
github.com/vumanhcuongit/scan/internal/services/api/scan.go:158.16,161.3 2 0
github.com/vumanhcuongit/scan/internal/services/api/scan.go:167.104,173.27 4 1
github.com/vumanhcuongit/scan/internal/services/api/scan.go:186.2,187.16 2 1
github.com/vumanhcuongit/scan/internal/services/api/scan.go:191.2,193.12 2 1
github.com/vumanhcuongit/scan/internal/services/api/scan.go:174.35,175.51 1 1
github.com/vumanhcuongit/scan/internal/services/api/scan.go:176.32,178.47 2 1
github.com/vumanhcuongit/scan/internal/services/api/scan.go:179.32,180.51 1 1
github.com/vumanhcuongit/scan/internal/services/api/scan.go:181.10,183.13 2 1
github.com/vumanhcuongit/scan/internal/services/api/scan.go:187.16,190.3 2 0
github.com/vumanhcuongit/scan/internal/services/api/scan_checker.go:16.83,21.2 1 1
github.com/vumanhcuongit/scan/internal/services/api/scan_checker.go:23.56,27.16 4 1
github.com/vumanhcuongit/scan/internal/services/api/scan_checker.go:31.2,32.12 2 1
github.com/vumanhcuongit/scan/internal/services/api/scan_checker.go:27.16,30.3 2 1
github.com/vumanhcuongit/scan/internal/services/api/api.go:41.106,50.2 2 1
github.com/vumanhcuongit/scan/internal/services/api/api.go:52.56,54.12 2 0
github.com/vumanhcuongit/scan/internal/services/api/api.go:59.2,59.29 1 0
github.com/vumanhcuongit/scan/internal/services/api/api.go:54.12,55.22 1 0
github.com/vumanhcuongit/scan/internal/services/api/api.go:55.22,57.4 1 0
github.com/vumanhcuongit/scan/internal/services/api/api.go:63.64,65.84 2 0
github.com/vumanhcuongit/scan/internal/services/api/api.go:65.84,69.17 4 0
github.com/vumanhcuongit/scan/internal/services/api/api.go:73.3,76.17 3 0
github.com/vumanhcuongit/scan/internal/services/api/api.go:80.3,80.13 1 0
github.com/vumanhcuongit/scan/internal/services/api/api.go:69.17,72.4 2 0
github.com/vumanhcuongit/scan/internal/services/api/api.go:76.17,79.4 2 0
github.com/vumanhcuongit/scan/internal/services/execution/execution.go:25.92,29.16 4 1
github.com/vumanhcuongit/scan/internal/services/execution/execution.go:33.2,40.3 1 1
github.com/vumanhcuongit/scan/internal/services/execution/execution.go:29.16,30.13 1 0
github.com/vumanhcuongit/scan/internal/services/execution/execution.go:43.28,46.2 2 1
github.com/vumanhcuongit/scan/internal/services/execution/execution.go:48.52,50.15 2 0
github.com/vumanhcuongit/scan/internal/services/execution/execution.go:53.2,54.84 2 0
github.com/vumanhcuongit/scan/internal/services/execution/execution.go:50.15,52.3 1 0
github.com/vumanhcuongit/scan/internal/services/execution/execution.go:54.84,58.17 4 0
github.com/vumanhcuongit/scan/internal/services/execution/execution.go:63.3,64.17 2 0
github.com/vumanhcuongit/scan/internal/services/execution/execution.go:68.3,69.17 2 0
github.com/vumanhcuongit/scan/internal/services/execution/execution.go:73.3,75.13 2 0
github.com/vumanhcuongit/scan/internal/services/execution/execution.go:58.17,61.4 2 0
github.com/vumanhcuongit/scan/internal/services/execution/execution.go:64.17,67.4 2 0
github.com/vumanhcuongit/scan/internal/services/execution/execution.go:69.17,72.4 2 0
github.com/vumanhcuongit/scan/internal/services/execution/worker.go:12.125,15.16 3 1
github.com/vumanhcuongit/scan/internal/services/execution/worker.go:19.2,31.54 6 1
github.com/vumanhcuongit/scan/internal/services/execution/worker.go:36.2,36.51 1 1
github.com/vumanhcuongit/scan/internal/services/execution/worker.go:15.16,16.13 1 0
github.com/vumanhcuongit/scan/internal/services/execution/worker.go:31.54,34.3 2 0
github.com/vumanhcuongit/scan/internal/services/execution/worker.go:39.38,40.48 1 1
github.com/vumanhcuongit/scan/internal/services/execution/worker.go:40.48,41.75 1 0
github.com/vumanhcuongit/scan/internal/services/execution/worker.go:41.75,46.18 5 0
github.com/vumanhcuongit/scan/internal/services/execution/worker.go:55.4,56.14 2 0
github.com/vumanhcuongit/scan/internal/services/execution/worker.go:46.18,53.5 4 0
github.com/vumanhcuongit/scan/internal/services/execution/job/job.go:25.71,30.2 1 1
github.com/vumanhcuongit/scan/internal/services/execution/job/job.go:38.106,44.16 2 1
github.com/vumanhcuongit/scan/internal/services/execution/job/job.go:47.2,47.56 1 1
github.com/vumanhcuongit/scan/internal/services/execution/job/job.go:44.16,46.3 1 0
github.com/vumanhcuongit/scan/internal/services/execution/job/job.go:50.81,53.62 3 1
github.com/vumanhcuongit/scan/internal/services/execution/job/job.go:56.2,59.16 3 1
github.com/vumanhcuongit/scan/internal/services/execution/job/job.go:64.2,65.16 2 1
github.com/vumanhcuongit/scan/internal/services/execution/job/job.go:77.2,77.12 1 1
github.com/vumanhcuongit/scan/internal/services/execution/job/job.go:53.62,55.3 1 0
github.com/vumanhcuongit/scan/internal/services/execution/job/job.go:59.16,62.3 2 0
github.com/vumanhcuongit/scan/internal/services/execution/job/job.go:65.16,67.31 2 1
github.com/vumanhcuongit/scan/internal/services/execution/job/job.go:67.31,69.4 1 0
github.com/vumanhcuongit/scan/internal/services/execution/job/job.go:70.8,72.31 2 1
github.com/vumanhcuongit/scan/internal/services/execution/job/job.go:72.31,74.4 1 0
github.com/vumanhcuongit/scan/internal/services/execution/job/job.go:80.105,88.16 4 1
github.com/vumanhcuongit/scan/internal/services/execution/job/job.go:93.2,94.16 2 1
github.com/vumanhcuongit/scan/internal/services/execution/job/job.go:99.2,99.12 1 1
github.com/vumanhcuongit/scan/internal/services/execution/job/job.go:88.16,91.3 2 0
github.com/vumanhcuongit/scan/internal/services/execution/job/job.go:94.16,97.3 2 0
github.com/vumanhcuongit/scan/internal/services/execution/job/job.go:106.9,111.23 4 1
github.com/vumanhcuongit/scan/internal/services/execution/job/job.go:119.2,126.16 3 1
github.com/vumanhcuongit/scan/internal/services/execution/job/job.go:131.2,132.16 2 1
github.com/vumanhcuongit/scan/internal/services/execution/job/job.go:137.2,137.12 1 1
github.com/vumanhcuongit/scan/internal/services/execution/job/job.go:111.23,113.24 2 1
github.com/vumanhcuongit/scan/internal/services/execution/job/job.go:113.24,116.4 2 0
github.com/vumanhcuongit/scan/internal/services/execution/job/job.go:126.16,129.3 2 0
github.com/vumanhcuongit/scan/internal/services/execution/job/job.go:132.16,135.3 2 0
github.com/vumanhcuongit/scan/internal/services/execution/job/job.go:140.101,149.16 4 1
github.com/vumanhcuongit/scan/internal/services/execution/job/job.go:154.2,155.16 2 1
github.com/vumanhcuongit/scan/internal/services/execution/job/job.go:160.2,160.12 1 1
github.com/vumanhcuongit/scan/internal/services/execution/job/job.go:149.16,152.3 2 0
github.com/vumanhcuongit/scan/internal/services/execution/job/job.go:155.16,158.3 2 0
github.com/vumanhcuongit/scan/internal/services/execution/job/job.go:163.73,165.16 2 1
github.com/vumanhcuongit/scan/internal/services/execution/job/job.go:168.2,168.12 1 1
github.com/vumanhcuongit/scan/internal/services/execution/job/job.go:165.16,167.3 1 1
github.com/vumanhcuongit/scan/pkg/gitscan/gitscan.go:48.49,56.2 3 1
github.com/vumanhcuongit/scan/pkg/gitscan/gitscan.go:62.29,70.16 4 1
github.com/vumanhcuongit/scan/pkg/gitscan/gitscan.go:75.2,76.16 2 1
github.com/vumanhcuongit/scan/pkg/gitscan/gitscan.go:81.2,82.93 2 1
github.com/vumanhcuongit/scan/pkg/gitscan/gitscan.go:97.2,97.33 1 1
github.com/vumanhcuongit/scan/pkg/gitscan/gitscan.go:102.2,102.26 1 1
github.com/vumanhcuongit/scan/pkg/gitscan/gitscan.go:107.2,110.84 4 1
github.com/vumanhcuongit/scan/pkg/gitscan/gitscan.go:163.2,163.16 1 1
github.com/vumanhcuongit/scan/pkg/gitscan/gitscan.go:168.2,168.22 1 1
github.com/vumanhcuongit/scan/pkg/gitscan/gitscan.go:70.16,73.3 2 0
github.com/vumanhcuongit/scan/pkg/gitscan/gitscan.go:76.16,79.3 2 0
github.com/vumanhcuongit/scan/pkg/gitscan/gitscan.go:82.93,83.17 1 1
github.com/vumanhcuongit/scan/pkg/gitscan/gitscan.go:86.3,86.19 1 1
github.com/vumanhcuongit/scan/pkg/gitscan/gitscan.go:95.3,95.13 1 1
github.com/vumanhcuongit/scan/pkg/gitscan/gitscan.go:83.17,85.4 1 0
github.com/vumanhcuongit/scan/pkg/gitscan/gitscan.go:86.19,87.81 1 1
github.com/vumanhcuongit/scan/pkg/gitscan/gitscan.go:92.4,92.14 1 1
github.com/vumanhcuongit/scan/pkg/gitscan/gitscan.go:87.81,91.5 3 1
github.com/vumanhcuongit/scan/pkg/gitscan/gitscan.go:97.33,100.3 2 0
github.com/vumanhcuongit/scan/pkg/gitscan/gitscan.go:102.26,105.3 2 0
github.com/vumanhcuongit/scan/pkg/gitscan/gitscan.go:110.84,111.17 1 1
github.com/vumanhcuongit/scan/pkg/gitscan/gitscan.go:114.3,114.19 1 1
github.com/vumanhcuongit/scan/pkg/gitscan/gitscan.go:118.3,119.17 2 1
github.com/vumanhcuongit/scan/pkg/gitscan/gitscan.go:122.3,122.16 1 1
github.com/vumanhcuongit/scan/pkg/gitscan/gitscan.go:127.3,130.16 3 1
github.com/vumanhcuongit/scan/pkg/gitscan/gitscan.go:156.3,157.17 2 1
github.com/vumanhcuongit/scan/pkg/gitscan/gitscan.go:161.3,161.13 1 1
github.com/vumanhcuongit/scan/pkg/gitscan/gitscan.go:111.17,113.4 1 0
github.com/vumanhcuongit/scan/pkg/gitscan/gitscan.go:114.19,116.4 1 1
github.com/vumanhcuongit/scan/pkg/gitscan/gitscan.go:119.17,121.4 1 0
github.com/vumanhcuongit/scan/pkg/gitscan/gitscan.go:122.16,123.35 1 1
github.com/vumanhcuongit/scan/pkg/gitscan/gitscan.go:123.35,125.5 1 0
github.com/vumanhcuongit/scan/pkg/gitscan/gitscan.go:130.16,134.47 4 1
github.com/vumanhcuongit/scan/pkg/gitscan/gitscan.go:138.4,154.6 2 1
github.com/vumanhcuongit/scan/pkg/gitscan/gitscan.go:134.47,135.13 1 1
github.com/vumanhcuongit/scan/pkg/gitscan/gitscan.go:157.17,159.4 1 0
github.com/vumanhcuongit/scan/pkg/gitscan/gitscan.go:163.16,166.3 2 0
github.com/vumanhcuongit/scan/pkg/gitscan/gitscan.go:171.100,173.16 2 1
github.com/vumanhcuongit/scan/pkg/gitscan/gitscan.go:176.2,177.16 2 1
github.com/vumanhcuongit/scan/pkg/gitscan/gitscan.go:180.2,182.38 2 1
github.com/vumanhcuongit/scan/pkg/gitscan/gitscan.go:186.2,187.16 2 1
github.com/vumanhcuongit/scan/pkg/gitscan/gitscan.go:191.2,191.12 1 1
github.com/vumanhcuongit/scan/pkg/gitscan/gitscan.go:173.16,175.3 1 0
github.com/vumanhcuongit/scan/pkg/gitscan/gitscan.go:177.16,179.3 1 0
github.com/vumanhcuongit/scan/pkg/gitscan/gitscan.go:182.38,184.3 1 0
github.com/vumanhcuongit/scan/pkg/gitscan/gitscan.go:187.16,189.3 1 0
github.com/vumanhcuongit/scan/pkg/gitscan/gitscan.go:198.19,202.16 3 1
github.com/vumanhcuongit/scan/pkg/gitscan/gitscan.go:205.2,209.16 4 1
github.com/vumanhcuongit/scan/pkg/gitscan/gitscan.go:214.2,214.6 1 1
github.com/vumanhcuongit/scan/pkg/gitscan/gitscan.go:259.2,259.23 1 1
github.com/vumanhcuongit/scan/pkg/gitscan/gitscan.go:202.16,204.3 1 0
github.com/vumanhcuongit/scan/pkg/gitscan/gitscan.go:209.16,211.3 1 0
github.com/vumanhcuongit/scan/pkg/gitscan/gitscan.go:214.6,216.20 2 1
github.com/vumanhcuongit/scan/pkg/gitscan/gitscan.go:219.3,219.17 1 1
github.com/vumanhcuongit/scan/pkg/gitscan/gitscan.go:223.3,226.27 4 1
github.com/vumanhcuongit/scan/pkg/gitscan/gitscan.go:234.3,234.67 1 1
github.com/vumanhcuongit/scan/pkg/gitscan/gitscan.go:239.3,239.76 1 1
github.com/vumanhcuongit/scan/pkg/gitscan/gitscan.go:244.3,249.17 2 1
github.com/vumanhcuongit/scan/pkg/gitscan/gitscan.go:252.3,255.38 3 1
github.com/vumanhcuongit/scan/pkg/gitscan/gitscan.go:216.20,217.9 1 1
github.com/vumanhcuongit/scan/pkg/gitscan/gitscan.go:219.17,221.4 1 0
github.com/vumanhcuongit/scan/pkg/gitscan/gitscan.go:226.27,227.63 1 1
github.com/vumanhcuongit/scan/pkg/gitscan/gitscan.go:231.4,231.12 1 1
github.com/vumanhcuongit/scan/pkg/gitscan/gitscan.go:227.63,229.5 1 0
github.com/vumanhcuongit/scan/pkg/gitscan/gitscan.go:234.67,236.4 1 1
github.com/vumanhcuongit/scan/pkg/gitscan/gitscan.go:239.76,241.4 1 0
github.com/vumanhcuongit/scan/pkg/gitscan/gitscan.go:249.17,251.4 1 0
github.com/vumanhcuongit/scan/pkg/gitscan/gitscan.go:255.38,257.4 1 0
